Using pre-set license
Built from '2020.3/staging' branch; Version is '2020.3.38f1 (8f5fde82e2dc) revision 9396190'; Using compiler version '192528614'; Build Type 'Release'
OS: 'Windows 10  (10.0.19044) 64bit Core' Language: 'ko' Physical Memory: 16085 MB
BatchMode: 1, IsHumanControllingUs: 0, StartBugReporterOnCrash: 0, Is64bit: 1, IsPro: 0

COMMAND LINE ARGUMENTS:
C:\Program Files\Unity\Hub\Editor\2020.3.38f1\Editor\Unity.exe
-adb2
-batchMode
-noUpm
-name
AssetImportWorker0
-projectPath
C:/Users/kyron/OneDrive/문서/GitHub/unity/Final_DefenceGame
-logFile
Logs/AssetImportWorker0.log
-srvPort
63132
Successfully changed project path to: C:/Users/kyron/OneDrive/문서/GitHub/unity/Final_DefenceGame
C:/Users/kyron/OneDrive/문서/GitHub/unity/Final_DefenceGame
Using Asset Import Pipeline V2.
Refreshing native plugins compatible for Editor in 41.50 ms, found 2 plugins.
Preloading 0 native plugins for Editor in 0.00 ms.
Initialize engine version: 2020.3.38f1 (8f5fde82e2dc)
[Subsystems] Discovering subsystems at path C:/Program Files/Unity/Hub/Editor/2020.3.38f1/Editor/Data/Resources/UnitySubsystems
[Subsystems] Discovering subsystems at path C:/Users/kyron/OneDrive/문서/GitHub/unity/Final_DefenceGame/Assets
GfxDevice: creating device client; threaded=0
Direct3D:
    Version:  Direct3D 11.0 [level 11.1]
    Renderer: NVIDIA GeForce RTX 3060 Laptop GPU (ID=0x2520)
    Vendor:   
    VRAM:     6023 MB
    Driver:   27.21.14.6221
Initialize mono
Mono path[0] = 'C:/Program Files/Unity/Hub/Editor/2020.3.38f1/Editor/Data/Managed'
Mono path[1] = 'C:/Program Files/Unity/Hub/Editor/2020.3.38f1/Editor/Data/MonoBleedingEdge/lib/mono/unityjit'
Mono config path = 'C:/Program Files/Unity/Hub/Editor/2020.3.38f1/Editor/Data/MonoBleedingEdge/etc'
Using monoOptions --debugger-agent=transport=dt_socket,embedding=1,server=y,suspend=n,address=127.0.0.1:56692
Begin MonoManager ReloadAssembly
Registering precompiled unity dll's ...
Register platform support module: C:/Program Files/Unity/Hub/Editor/2020.3.38f1/Editor/Data/PlaybackEngines/WindowsStandaloneSupport/UnityEditor.WindowsStandalone.Extensions.dll
Registered in 0.002323 seconds.
Native extension for WindowsStandalone target not found
Refreshing native plugins compatible for Editor in 42.61 ms, found 2 plugins.
Preloading 0 native plugins for Editor in 0.00 ms.
Mono: successfully reloaded assembly
- Completed reload, in  0.977 seconds
Domain Reload Profiling:
	ReloadAssembly (978ms)
		BeginReloadAssembly (177ms)
			ExecutionOrderSort (0ms)
			DisableScriptedObjects (0ms)
			BackupInstance (0ms)
			ReleaseScriptingObjects (0ms)
			CreateAndSetChildDomain (3ms)
		EndReloadAssembly (685ms)
			LoadAssemblies (168ms)
			RebuildTransferFunctionScriptingTraits (0ms)
			SetupTypeCache (198ms)
			ReleaseScriptCaches (0ms)
			RebuildScriptCaches (35ms)
			SetupLoadedEditorAssemblies (278ms)
				LogAssemblyErrors (0ms)
				InitializePlatformSupportModulesInManaged (6ms)
				SetLoadedEditorAssemblies (0ms)
				RefreshPlugins (43ms)
				BeforeProcessingInitializeOnLoad (25ms)
				ProcessInitializeOnLoadAttributes (158ms)
				ProcessInitializeOnLoadMethodAttributes (46ms)
				AfterProcessingInitializeOnLoad (0ms)
				EditorAssembliesLoaded (0ms)
			ExecutionOrderSort2 (0ms)
			AwakeInstancesAfterBackupRestoration (0ms)
Platform modules already initialized, skipping
Registering precompiled user dll's ...
Registered in 0.003625 seconds.
Begin MonoManager ReloadAssembly
Native extension for WindowsStandalone target not found
Refreshing native plugins compatible for Editor in 0.55 ms, found 2 plugins.
Preloading 0 native plugins for Editor in 0.00 ms.
Mono: successfully reloaded assembly
- Completed reload, in  1.595 seconds
Domain Reload Profiling:
	ReloadAssembly (1596ms)
		BeginReloadAssembly (207ms)
			ExecutionOrderSort (0ms)
			DisableScriptedObjects (6ms)
			BackupInstance (0ms)
			ReleaseScriptingObjects (0ms)
			CreateAndSetChildDomain (26ms)
		EndReloadAssembly (1273ms)
			LoadAssemblies (135ms)
			RebuildTransferFunctionScriptingTraits (0ms)
			SetupTypeCache (429ms)
			ReleaseScriptCaches (1ms)
			RebuildScriptCaches (77ms)
			SetupLoadedEditorAssemblies (478ms)
				LogAssemblyErrors (0ms)
				InitializePlatformSupportModulesInManaged (8ms)
				SetLoadedEditorAssemblies (1ms)
				RefreshPlugins (1ms)
				BeforeProcessingInitializeOnLoad (128ms)
				ProcessInitializeOnLoadAttributes (310ms)
				ProcessInitializeOnLoadMethodAttributes (19ms)
				AfterProcessingInitializeOnLoad (10ms)
				EditorAssembliesLoaded (0ms)
			ExecutionOrderSort2 (0ms)
			AwakeInstancesAfterBackupRestoration (4ms)
Platform modules already initialized, skipping
========================================================================
Worker process is ready to serve import requests
Launched and connected shader compiler UnityShaderCompiler.exe after 0.06 seconds
Refreshing native plugins compatible for Editor in 0.61 ms, found 2 plugins.
Preloading 0 native plugins for Editor in 0.00 ms.
Unloading 1522 Unused Serialized files (Serialized files now loaded: 0)
System memory in use before: 69.2 MB.
System memory in use after: 69.2 MB.

Unloading 17 unused Assets to reduce memory usage. Loaded Objects now: 1959.
Total: 5.199700 ms (FindLiveObjects: 0.167400 ms CreateObjectMapping: 0.057200 ms MarkObjects: 4.802700 ms  DeleteObjects: 0.170700 ms)

AssetImportParameters requested are different than current active one (requested -> active):
  custom:framework-win-MediaFoundation: 216162199b28c13a410421893ffa2e32 -> 
  custom:video-decoder-ogg-theora: a1e56fd34408186e4bbccfd4996cb3dc -> 
  custom:container-muxer-webm: aa71ff27fc2769a1b78a27578f13a17b -> 
  custom:container-demuxer-webm: 4f35f7cbe854078d1ac9338744f61a02 -> 
  custom:container-demuxer-ogg: 62fdf1f143b41e24485cea50d1cbac27 -> 
  custom:video-encoder-webm-vp8: eb34c28f22e8b96e1ab97ce403110664 -> 
  custom:video-decoder-webm-vp8: 9c59270c3fd7afecdb556c50c9e8de78 -> 
  custom:audio-decoder-ogg-vorbis: bf7c407c2cedff20999df2af8eb42d56 -> 
  custom:audio-encoder-webm-vorbis: bf7c407c2cedff20999df2af8eb42d56 -> 
========================================================================
Received Import Request.
  path: Assets/0.Scenes/Signup_Scene.unity
  artifactKey: Guid(58972d3a1cdadf44fabf5ba751d78ad9) Importer(815301076,1909f56bfc062723c751e8b465ee728b)
Start importing Assets/0.Scenes/Signup_Scene.unity using Guid(58972d3a1cdadf44fabf5ba751d78ad9) Importer(815301076,1909f56bfc062723c751e8b465ee728b)  -> (artifact id: '3961e78d4b72d0076e9d188d10da931f') in 0.017396 seconds 
========================================================================
Received Prepare
Refreshing native plugins compatible for Editor in 3.77 ms, found 2 plugins.
Preloading 0 native plugins for Editor in 0.00 ms.
Unloading 10 Unused Serialized files (Serialized files now loaded: 0)
System memory in use before: 39.0 MB.
System memory in use after: 39.0 MB.

Unloading 10 unused Assets to reduce memory usage. Loaded Objects now: 1959.
Total: 4.126900 ms (FindLiveObjects: 0.266000 ms CreateObjectMapping: 0.063400 ms MarkObjects: 3.723800 ms  DeleteObjects: 0.070800 ms)

AssetImportParameters requested are different than current active one (requested -> active):
  custom:framework-win-MediaFoundation: 216162199b28c13a410421893ffa2e32 -> 
  custom:video-decoder-ogg-theora: a1e56fd34408186e4bbccfd4996cb3dc -> 
  custom:container-muxer-webm: aa71ff27fc2769a1b78a27578f13a17b -> 
  custom:container-demuxer-webm: 4f35f7cbe854078d1ac9338744f61a02 -> 
  custom:container-demuxer-ogg: 62fdf1f143b41e24485cea50d1cbac27 -> 
  custom:video-encoder-webm-vp8: eb34c28f22e8b96e1ab97ce403110664 -> 
  custom:video-decoder-webm-vp8: 9c59270c3fd7afecdb556c50c9e8de78 -> 
  custom:audio-decoder-ogg-vorbis: bf7c407c2cedff20999df2af8eb42d56 -> 
  custom:audio-encoder-webm-vorbis: bf7c407c2cedff20999df2af8eb42d56 -> 
========================================================================
Received Import Request.
  Time since last request: 109.081575 seconds.
  path: Assets/0.Scenes/Main_Scene.unity
  artifactKey: Guid(8ae160191aa9d6e4286cfe046dec4e67) Importer(815301076,1909f56bfc062723c751e8b465ee728b)
Start importing Assets/0.Scenes/Main_Scene.unity using Guid(8ae160191aa9d6e4286cfe046dec4e67) Importer(815301076,1909f56bfc062723c751e8b465ee728b)  -> (artifact id: '002c86b583a4f7b734580b93c357ba4b') in 0.010511 seconds 
========================================================================
Received Import Request.
  Time since last request: 7.539162 seconds.
  path: Assets/0.Scenes/Signin_Scene.unity
  artifactKey: Guid(9fc0d4010bbf28b4594072e72b8655ab) Importer(815301076,1909f56bfc062723c751e8b465ee728b)
Start importing Assets/0.Scenes/Signin_Scene.unity using Guid(9fc0d4010bbf28b4594072e72b8655ab) Importer(815301076,1909f56bfc062723c751e8b465ee728b)  -> (artifact id: 'e3e3c5fa1a5654a4133c9db6353c17cc') in 0.012005 seconds 
========================================================================
Received Import Request.
  Time since last request: 2.832127 seconds.
  path: Assets/0.Scenes/Main_Scene.unity
  artifactKey: Guid(8ae160191aa9d6e4286cfe046dec4e67) Importer(815301076,1909f56bfc062723c751e8b465ee728b)
Start importing Assets/0.Scenes/Main_Scene.unity using Guid(8ae160191aa9d6e4286cfe046dec4e67) Importer(815301076,1909f56bfc062723c751e8b465ee728b)  -> (artifact id: '1345bfa72d54af22d5155b9655ffa5c4') in 0.003237 seconds 
========================================================================
Received Import Request.
  Time since last request: 2.458943 seconds.
  path: Assets/0.Scenes/Main_Scene 1.unity
  artifactKey: Guid(a96f1954fc95ed349b682d4e209c5432) Importer(815301076,1909f56bfc062723c751e8b465ee728b)
Start importing Assets/0.Scenes/Main_Scene 1.unity using Guid(a96f1954fc95ed349b682d4e209c5432) Importer(815301076,1909f56bfc062723c751e8b465ee728b)  -> (artifact id: 'a9f1feb86ab0863be062b2a063ad1801') in 0.008446 seconds 
========================================================================
Received Import Request.
  Time since last request: 10.054517 seconds.
  path: Assets/0.Scenes/Signin_Scene 1.unity
  artifactKey: Guid(5d5d7847d197c5946a9f4f69209218a2) Importer(815301076,1909f56bfc062723c751e8b465ee728b)
Start importing Assets/0.Scenes/Signin_Scene 1.unity using Guid(5d5d7847d197c5946a9f4f69209218a2) Importer(815301076,1909f56bfc062723c751e8b465ee728b)  -> (artifact id: 'd19e5c1c58b4bd2efdc26797abc361c6') in 0.008486 seconds 
========================================================================
Received Import Request.
  Time since last request: 6.975927 seconds.
  path: Assets/0.Scenes/Main_Scene.unity
  artifactKey: Guid(5d5d7847d197c5946a9f4f69209218a2) Importer(815301076,1909f56bfc062723c751e8b465ee728b)
Start importing Assets/0.Scenes/Main_Scene.unity using Guid(5d5d7847d197c5946a9f4f69209218a2) Importer(815301076,1909f56bfc062723c751e8b465ee728b)  -> (artifact id: '282a5bdd9488001e19e6928b69f6731c') in 0.003836 seconds 
========================================================================
Received Import Request.
  Time since last request: 20.892467 seconds.
  path: Assets/0.Scenes/Signin_Scene 1.unity
  artifactKey: Guid(d743c1e9deba34e41861b962a370e893) Importer(815301076,1909f56bfc062723c751e8b465ee728b)
Start importing Assets/0.Scenes/Signin_Scene 1.unity using Guid(d743c1e9deba34e41861b962a370e893) Importer(815301076,1909f56bfc062723c751e8b465ee728b)  -> (artifact id: 'b32e2125e94875bc21162464c27e8c8c') in 0.003757 seconds 
========================================================================
Received Import Request.
  Time since last request: 11.319621 seconds.
  path: Assets/0.Scenes/Main_Scene.unity
  artifactKey: Guid(d743c1e9deba34e41861b962a370e893) Importer(815301076,1909f56bfc062723c751e8b465ee728b)
Start importing Assets/0.Scenes/Main_Scene.unity using Guid(d743c1e9deba34e41861b962a370e893) Importer(815301076,1909f56bfc062723c751e8b465ee728b)  -> (artifact id: '0f79efee2738819a19d85ed4b4a82e20') in 0.005006 seconds 
========================================================================
Received Import Request.
  Time since last request: 12.933113 seconds.
  path: Assets/0.Scenes/Main_Scene.unity
  artifactKey: Guid(d743c1e9deba34e41861b962a370e893) Importer(815301076,1909f56bfc062723c751e8b465ee728b)
Start importing Assets/0.Scenes/Main_Scene.unity using Guid(d743c1e9deba34e41861b962a370e893) Importer(815301076,1909f56bfc062723c751e8b465ee728b)  -> (artifact id: '08d6bf774dad1b952a34db0cc96b6fb1') in 0.005042 seconds 
========================================================================
Received Import Request.
  Time since last request: 6.716187 seconds.
  path: Assets/0.Scenes/Signin_Scene 1.unity
  artifactKey: Guid(9804b408bb681854a8bd598c99b643a5) Importer(815301076,1909f56bfc062723c751e8b465ee728b)
Start importing Assets/0.Scenes/Signin_Scene 1.unity using Guid(9804b408bb681854a8bd598c99b643a5) Importer(815301076,1909f56bfc062723c751e8b465ee728b)  -> (artifact id: 'b14cccf2f39ee0e0146ae9e140f68e87') in 0.004134 seconds 
========================================================================
Received Import Request.
  Time since last request: 6.638879 seconds.
  path: Assets/0.Scenes/Home_Scene.unity
  artifactKey: Guid(9804b408bb681854a8bd598c99b643a5) Importer(815301076,1909f56bfc062723c751e8b465ee728b)
Start importing Assets/0.Scenes/Home_Scene.unity using Guid(9804b408bb681854a8bd598c99b643a5) Importer(815301076,1909f56bfc062723c751e8b465ee728b)  -> (artifact id: '97bfad6d3dbb39eacf0ced48f2a17a42') in 0.009580 seconds 
